<?xml version="1.0" encoding="UTF-8"?>
<testsuite name="com.codegym.controller.CustomerControllerTest" tests="3" skipped="0" failures="0" errors="0" timestamp="2021-12-14T12:33:03" hostname="ubuntu2004" time="0.407">
  <properties/>
  <testcase name="find_By_Id_Test()" classname="com.codegym.controller.CustomerControllerTest" time="0.371"/>
  <testcase name="add_Test()" classname="com.codegym.controller.CustomerControllerTest" time="0.024"/>
  <testcase name="find_All_Test()" classname="com.codegym.controller.CustomerControllerTest" time="0.01"/>
  <system-out><![CDATA[]]></system-out>
  <system-err><![CDATA[SLF4J: Failed to load class "org.slf4j.impl.StaticLoggerBinder".
SLF4J: Defaulting to no-operation (NOP) logger implementation
SLF4J: See http://www.slf4j.org/codes.html#StaticLoggerBinder for further details.
]]></system-err>
</testsuite>
